<?xml version="1.0" encoding="UTF-8"?>
<!-- Generated by org.testng.reporters.JUnitReportReporter -->
<testsuite hostname="ANUP-PC" name="package_Amazon.Amazon_TC6_AddtoWishlist" tests="1" failures="0" timestamp="25 Jun 2018 01:44:14 GMT" time="46.515" errors="0">
  <testcase name="addproduct_wishlist" time="46.515" classname="package_Amazon.Amazon_TC6_AddtoWishlist"/>
</testsuite>
