<?xml version="1.0" encoding="UTF-8"?>
<!-- Generated by org.testng.reporters.JUnitReportReporter -->
<testsuite hostname="ANUP-PC" name="package_Amazon.Amazon_TC0_Clear_Cart" tests="1" failures="0" timestamp="25 Jun 2018 02:01:17 GMT" time="43.136" errors="0">
  <testcase name="clear_cart" time="43.136" classname="package_Amazon.Amazon_TC0_Clear_Cart"/>
</testsuite>
