<?xml version="1.0" encoding="UTF-8"?>
<!-- Generated by org.testng.reporters.JUnitReportReporter -->
<testsuite hostname="ANUP-PC" name="package_Amazon.Amazon_TC9_RetrieveEarlierOrders" tests="1" failures="0" timestamp="25 Jun 2018 01:44:14 GMT" time="61.339" errors="0">
  <testcase name="retriveorders" time="61.339" classname="package_Amazon.Amazon_TC9_RetrieveEarlierOrders"/>
</testsuite>
