<?xml version="1.0" encoding="UTF-8"?>
<!-- Generated by org.testng.reporters.JUnitReportReporter -->
<testsuite skipped="0" hostname="ANUP-PC" name="package_RebelSports.RebelSports_TC1_SearchProduct" tests="1" failures="0" timestamp="25 Jun 2018 14:44:11 GMT" time="31.631" errors="0">
  <testcase name="aSearchProduct" time="31.631" classname="package_RebelSports.RebelSports_TC1_SearchProduct"/>
</testsuite> <!-- package_RebelSports.RebelSports_TC1_SearchProduct -->
