<?xml version="1.0" encoding="UTF-8"?>
<!-- Generated by org.testng.reporters.JUnitReportReporter -->
<testsuite hostname="ANUP-PC" name="package_Amazon.Amazon_TC7_FromWishlistToCart" tests="1" failures="0" timestamp="25 Jun 2018 01:44:14 GMT" time="32.897" errors="0">
  <testcase name="fromwishlist_tocart" time="32.897" classname="package_Amazon.Amazon_TC7_FromWishlistToCart"/>
</testsuite>
