<?xml version="1.0" encoding="UTF-8"?>
<!-- Generated by org.testng.reporters.JUnitReportReporter -->
<testsuite hostname="ANUP-PC" name="package_Amazon.Amazon_TC13_AddProductMultipletimes" tests="1" failures="0" timestamp="25 Jun 2018 01:44:14 GMT" time="132.243" errors="0">
  <testcase name="addProduct_Afterremoving" time="132.243" classname="package_Amazon.Amazon_TC13_AddProductMultipletimes"/>
</testsuite>
