<?xml version="1.0" encoding="UTF-8"?>
<!-- Generated by org.testng.reporters.JUnitReportReporter -->
<testsuite hostname="ANUP-PC" name="package_Amazon.Amazon_TC2_RemoveProduct" tests="1" failures="0" timestamp="25 Jun 2018 01:44:14 GMT" time="39.633" errors="0">
  <testcase name="removeproduct" time="39.633" classname="package_Amazon.Amazon_TC2_RemoveProduct"/>
</testsuite>
